/*C2*/SET SCHEMA PUBLIC
CONNECT USER SA
DELETE FROM USERS WHERE ID=3
DELETE FROM USERS WHERE ID=7
INSERT INTO USERS VALUES(1000,'ANATOLII','HORODOVENKO','1997-09-01')
INSERT INTO USERS VALUES(1001,'LUZOGUB','RUSLAN','1996-11-29')
DISCONNECT
/*C3*/SET SCHEMA PUBLIC
CONNECT USER SA
/*C4*/SET SCHEMA PUBLIC
CONNECT USER SA
DELETE FROM USERS WHERE ID=1000
DELETE FROM USERS WHERE ID=1001
INSERT INTO USERS VALUES(1000,'ANATOLII','HORODOVENKO','1997-09-01')
INSERT INTO USERS VALUES(1001,'LUZOGUB','RUSLAN','1996-11-29')
DISCONNECT
/*C5*/SET SCHEMA PUBLIC
CONNECT USER SA
INSERT INTO USERS VALUES(1000,'ANATOLII','HORODOVENKO','1997-09-01')
DISCONNECT
/*C6*/SET SCHEMA PUBLIC
CONNECT USER SA
DISCONNECT
/*C7*/SET SCHEMA PUBLIC
CONNECT USER SA
DELETE FROM USERS WHERE ID=1000
DELETE FROM USERS WHERE ID=1001
DELETE FROM USERS WHERE ID=1002
INSERT INTO USERS VALUES(1000,'ANATOLII','HORODOVENKO','1997-09-01')
INSERT INTO USERS VALUES(1001,'LUZOGUB','RUSLAN','1996-11-29')
DISCONNECT
/*C8*/SET SCHEMA PUBLIC
CONNECT USER SA
INSERT INTO USERS VALUES(1000,'ANATOLII','HORODOVENKO','1997-09-01')

DISCONNECT
/*C9*/SET SCHEMA PUBLIC
CONNECT USER SA
DELETE FROM USERS WHERE ID=1000
DELETE FROM USERS WHERE ID=1001
DELETE FROM USERS WHERE ID=1003
INSERT INTO USERS VALUES(1000,'ANATOLII','HORODOVENKO','1997-09-01')
INSERT INTO USERS VALUES(1001,'LUZOGUB','RUSLAN','1996-11-29')
DISCONNECT
/*C10*/SET SCHEMA PUBLIC
CONNECT USER SA
INSERT INTO USERS VALUES(1004,'ANATOLII','HORODOVENKO','1997-09-01')
DISCONNECT
/*C11*/SET SCHEMA PUBLIC
CONNECT USER SA
DELETE FROM USERS WHERE ID=1004
DISCONNECT
/*C12*/SET SCHEMA PUBLIC
CONNECT USER SA
DISCONNECT
/*C13*/SET SCHEMA PUBLIC
CONNECT USER SA
DELETE FROM USERS WHERE ID=1000
DELETE FROM USERS WHERE ID=1001
INSERT INTO USERS VALUES(1000,'ANATOLII','HORODOVENKO','1997-09-01')
INSERT INTO USERS VALUES(1001,'LUZOGUB','RUSLAN','1996-11-29')
DISCONNECT
/*C14*/SET SCHEMA PUBLIC
CONNECT USER SA
INSERT INTO USERS VALUES(1005,'Petro','Petrov','2016-12-11')
DISCONNECT
/*C15*/SET SCHEMA PUBLIC
CONNECT USER SA
DELETE FROM USERS WHERE ID=1005
INSERT INTO USERS VALUES(1005,'Dima','Dimin','2016-12-11')
DISCONNECT
/*C16*/SET SCHEMA PUBLIC
CONNECT USER SA
